<?xml version="1.0" encoding="UTF-8"?>
<!-- Generated by org.testng.reporters.JUnitReportReporter -->
<testsuite skipped="0" hostname="user" name="com.testNG.practice.ParallelTest" tests="4" failures="0" timestamp="13 May 2021 07:57:53 GMT" time="0.054" errors="0">
  <testcase name="Test1" time="0.024" classname="com.testNG.practice.ParallelTest"/>
  <testcase name="Test2" time="0.004" classname="com.testNG.practice.ParallelTest"/>
  <testcase name="Test1" time="0.023" classname="com.testNG.practice.ParallelTest"/>
  <testcase name="Test3" time="0.003" classname="com.testNG.practice.ParallelTest"/>
</testsuite> <!-- com.testNG.practice.ParallelTest -->
