<?xml version="1.0" encoding="UTF-8"?>
<!-- Generated by org.testng.reporters.JUnitReportReporter -->
<testsuite skipped="0" hostname="user" name="com.testNG.practice.ClassTwo" tests="1" failures="0" timestamp="31 Jul 2019 06:19:47 GMT" time="0.012" errors="0">
  <testcase name="TestTwo" time="0.012" classname="com.testNG.practice.ClassTwo"/>
</testsuite> <!-- com.testNG.practice.ClassTwo -->
