<?xml version="1.0" encoding="UTF-8"?>
<!-- Generated by org.testng.reporters.JUnitReportReporter -->
<testsuite skipped="0" hostname="user" name="com.testNG.practice.GroupsDemo" tests="2" failures="0" timestamp="16 May 2021 03:12:05 GMT" time="0.009" errors="0">
  <testcase name="func_1" time="0.006" classname="com.testNG.practice.GroupsDemo"/>
  <testcase name="func_2" time="0.003" classname="com.testNG.practice.GroupsDemo"/>
</testsuite> <!-- com.testNG.practice.GroupsDemo -->
