<?xml version="1.0" encoding="UTF-8"?>
<!-- Generated by org.testng.reporters.JUnitReportReporter -->
<testsuite skipped="0" hostname="user" name="com.testNG.practice.Sample_1" tests="2" failures="0" timestamp="13 May 2021 07:55:29 GMT" time="0.027" errors="0">
  <testcase name="d_test" time="0.019" classname="com.testNG.practice.Sample_1"/>
  <testcase name="b_test" time="0.008" classname="com.testNG.practice.Sample_1"/>
</testsuite> <!-- com.testNG.practice.Sample_1 -->
