<?xml version="1.0" encoding="UTF-8"?>
<!-- Generated by org.testng.reporters.JUnitReportReporter -->
<testsuite skipped="0" hostname="user" name="com.testNG.practice.DataProviderDemo2" tests="2" failures="0" timestamp="13 May 2021 07:38:54 GMT" time="0.020" errors="0">
  <testcase name="test1" time="0.008" classname="com.testNG.practice.DataProviderDemo2"/>
  <testcase name="test1" time="0.012" classname="com.testNG.practice.DataProviderDemo2"/>
</testsuite> <!-- com.testNG.practice.DataProviderDemo2 -->
