<?xml version="1.0" encoding="UTF-8"?>
<!-- Generated by org.testng.reporters.JUnitReportReporter -->
<testsuite skipped="0" hostname="user" name="com.testNG.practice.PriorityDemo" tests="5" failures="0" timestamp="07 Jul 2019 07:23:50 GMT" time="0.064" errors="0">
  <testcase name="c_method" time="0.015" classname="com.testNG.practice.PriorityDemo"/>
  <testcase name="b_method" time="0.034" classname="com.testNG.practice.PriorityDemo"/>
  <testcase name="e_method" time="0.006" classname="com.testNG.practice.PriorityDemo"/>
  <testcase name="d_method" time="0.004" classname="com.testNG.practice.PriorityDemo"/>
  <testcase name="a_method" time="0.005" classname="com.testNG.practice.PriorityDemo"/>
</testsuite> <!-- com.testNG.practice.PriorityDemo -->
