<?xml version="1.0" encoding="UTF-8"?>
<!-- Generated by org.testng.reporters.JUnitReportReporter -->
<testsuite skipped="0" hostname="user" name="com.sample.testng.Testcase1" tests="1" failures="0" timestamp="31 Jul 2019 06:22:05 GMT" time="0.027" errors="0">
  <testcase name="testFB" time="0.027" classname="com.sample.testng.Testcase1"/>
</testsuite> <!-- com.sample.testng.Testcase1 -->
