<?xml version="1.0" encoding="UTF-8"?>
<!-- Generated by org.testng.reporters.JUnitReportReporter -->
<testsuite skipped="0" hostname="user" name="com.testNG.practice.ClassOne" tests="1" failures="0" timestamp="13 May 2021 07:06:04 GMT" time="0.020" errors="0">
  <testcase name="TestOne" time="0.020" classname="com.testNG.practice.ClassOne"/>
</testsuite> <!-- com.testNG.practice.ClassOne -->
