<?xml version="1.0" encoding="UTF-8"?>
<!-- Generated by org.testng.reporters.JUnitReportReporter -->
<testsuite skipped="0" hostname="user" name="com.testNG.practice.DataProviderDemo" tests="2" failures="0" timestamp="13 May 2021 07:28:40 GMT" time="0.026" errors="0">
  <testcase name="login" time="0.020" classname="com.testNG.practice.DataProviderDemo"/>
  <testcase name="login" time="0.006" classname="com.testNG.practice.DataProviderDemo"/>
</testsuite> <!-- com.testNG.practice.DataProviderDemo -->
