<?xml version="1.0" encoding="UTF-8"?>
<!-- Generated by org.testng.reporters.JUnitReportReporter -->
<testsuite skipped="0" hostname="user" name="com.testNG.practice.AnnotationOrder" tests="2" failures="0" timestamp="13 May 2021 07:12:18 GMT" time="0.016" errors="0">
  <testcase name="testMethod" time="0.012" classname="com.testNG.practice.AnnotationOrder"/>
  <testcase name="testMethod_2" time="0.004" classname="com.testNG.practice.AnnotationOrder"/>
</testsuite> <!-- com.testNG.practice.AnnotationOrder -->
