<?xml version="1.0" encoding="UTF-8"?>
<!-- Generated by org.testng.reporters.JUnitReportReporter -->
<testsuite hostname="user" name="mukesh.authentication.OAth2" tests="1" failures="0" timestamp="25 Apr 2021 09:45:10 GMT" time="7.485" errors="0">
  <testcase name="test1" time="7.485" classname="mukesh.authentication.OAth2"/>
</testsuite> <!-- mukesh.authentication.OAth2 -->
