<?xml version="1.0" encoding="UTF-8"?>
<!-- Generated by org.testng.reporters.JUnitReportReporter -->
<testsuite hostname="user" name="com.udemy.Basics" tests="1" failures="0" timestamp="2 Jul 2019 16:17:14 GMT" time="9.186" errors="0">
  <testcase name="getPlaceAPI" time="9.186" classname="com.udemy.Basics"/>
</testsuite> <!-- com.udemy.Basics -->
