<?xml version="1.0" encoding="UTF-8"?>
<!-- Generated by org.testng.reporters.JUnitReportReporter -->
<testsuite hostname="user" name="aaa.qq.AppTest" tests="1" failures="0" timestamp="28 Jan 2019 02:27:37 GMT" time="0.023" errors="0">
  <testcase name="shouldAnswerWithTrue" time="0.023" classname="aaa.qq.AppTest"/>
</testsuite> <!-- aaa.qq.AppTest -->
